<?xml version="1.0" encoding="UTF-8"?>
<testng-results skipped="0" failed="0" ignored="0" total="1" passed="1">
  <reporter-output>
  </reporter-output>
  <suite name="Default suite" duration-ms="20310" started-at="2020-03-12T14:34:57Z" finished-at="2020-03-12T14:35:17Z">
    <groups>
    </groups>
    <test name="Default test" duration-ms="20310" started-at="2020-03-12T14:34:57Z" finished-at="2020-03-12T14:35:17Z">
      <class name="com.sapient.facebook_Testing">
        <test-method status="PASS" signature="TestFacebook()[pri:0, instance:com.sapient.facebook_Testing@5ae9a829]" name="TestFacebook" duration-ms="20289" started-at="2020-03-12T20:04:57Z" finished-at="2020-03-12T20:05:17Z">
          <reporter-output>
          </reporter-output>
        </test-method> <!-- TestFacebook -->
      </class> <!-- com.sapient.facebook_Testing -->
    </test> <!-- Default test -->
  </suite> <!-- Default suite -->
</testng-results>
