<?xml version="1.0" encoding="UTF-8"?>
<testng-results skipped="0" failed="0" ignored="0" total="1" passed="1">
  <reporter-output>
  </reporter-output>
  <suite name="Default suite" duration-ms="27856" started-at="2020-03-14T08:40:26Z" finished-at="2020-03-14T08:40:53Z">
    <groups>
    </groups>
    <test name="Default test" duration-ms="27856" started-at="2020-03-14T08:40:26Z" finished-at="2020-03-14T08:40:53Z">
      <class name="com.testing.facebook_Testing">
        <test-method status="PASS" signature="TestFacebook()[pri:0, instance:com.testing.facebook_Testing@2a5ca609]" name="TestFacebook" duration-ms="27834" started-at="2020-03-14T14:10:26Z" finished-at="2020-03-14T14:10:53Z">
          <reporter-output>
          </reporter-output>
        </test-method> <!-- TestFacebook -->
      </class> <!-- com.testing.facebook_Testing -->
    </test> <!-- Default test -->
  </suite> <!-- Default suite -->
</testng-results>
